'09/04/2018 04:59:42 PM' - INFO - 待执行的测试用例数: 1
'09/04/2018 04:59:42 PM' - INFO - 待执行的测试用例名: shop3.0_1-10
'09/04/2018 04:59:42 PM' - INFO - 测试开始时间:2018-09-04 16_59_42
'09/04/2018 04:59:42 PM' - INFO - 生成最新的工作文件夹: ant_report_2018-09-04_16-59-42
'09/04/2018 04:59:42 PM' - INFO - 初始化测试环境完成....
'09/04/2018 04:59:42 PM' - INFO - ----------------------开始构建脚本:shop3.0_1-10-----------------------
'09/04/2018 04:59:51 PM' - INFO - -----------------------构建脚本shop3.0_1-10完成-----------------------
'09/04/2018 04:59:51 PM' - INFO - 开始重构测试数据....
'09/04/2018 04:59:51 PM' - INFO - 重构测试数据完成....
'09/04/2018 04:59:51 PM' - INFO - 开始统计测试结果数据....
'09/04/2018 04:59:51 PM' - INFO - 
                    ---------------------------运行结果概要统计:----------------------------
                    测试开始时间： 2018-09-04 16_59_42
                    测试结束时间： 2018-09-04_16-59-51
                    测试用时 (s)： 8.56
                    测试项目名称： shop3.0
                    测试接口总数： 12
                    公共的用例数： 2
                    运行的用例数： 116
                    通过的用例数： 70
                    失败的用例数： 46
                    测试通过率 ： 60.34%
                    失败的用例集： 27,102,63,84,100,31,75,62,67,116,9,39,13,24,56,36,65,29,55,93,72,51,99,71,98,114,81,49,42,57,91,103,26,21,30,28,4,115,25,23,89,17,7,101,33,6
            
'09/04/2018 04:59:51 PM' - INFO - ---------------------------运行接口详细统计:----------------------------
'09/04/2018 04:59:51 PM' - INFO - 
                    项目  名称： shop3.0
                    接口  名称： 商品基础分类-更改分类排序
                    运行用例数： 8
                    通过用例数： 5
                    失败用例数： 3
                    测试通过率： 62.50%
                    失败用例集： 36,39,42
            
'09/04/2018 04:59:51 PM' - INFO - 
                    项目  名称： shop3.0
                    接口  名称： 商品分类基础数据-添加
                    运行用例数： 14
                    通过用例数： 9
                    失败用例数： 5
                    测试通过率： 64.29%
                    失败用例集： 4,6,7,9,13
            
'09/04/2018 04:59:51 PM' - INFO - 
                    项目  名称： shop3.0
                    接口  名称： 商品类目规格规格项数据-类目详细信息
                    运行用例数： 6
                    通过用例数： 5
                    失败用例数： 1
                    测试通过率： 83.33%
                    失败用例集： 114
            
'09/04/2018 04:59:51 PM' - INFO - 
                    项目  名称： shop3.0
                    接口  名称： 商品类目规格规格项数据-添加单个规格项
                    运行用例数： 8
                    通过用例数： 5
                    失败用例数： 3
                    测试通过率： 62.50%
                    失败用例集： 71,72,75
            
'09/04/2018 04:59:51 PM' - INFO - 
                    项目  名称： shop3.0
                    接口  名称： 商品分类基础数据-通过父分类查询子分类
                    运行用例数： 6
                    通过用例数： 4
                    失败用例数： 2
                    测试通过率： 66.67%
                    失败用例集： 49,51
            
'09/04/2018 04:59:51 PM' - INFO - 
                    项目  名称： shop3.0
                    接口  名称： 商品分类基础数据-列表
                    运行用例数： 4
                    通过用例数： 4
                    失败用例数： 0
                    测试通过率： 100.00%
                    失败用例集： None
            
'09/04/2018 04:59:51 PM' - INFO - 
                    项目  名称： shop3.0
                    接口  名称： 商品分类基础数据-修改
                    运行用例数： 18
                    通过用例数： 6
                    失败用例数： 12
                    测试通过率： 33.33%
                    失败用例集： 17,21,23,24,25,26,27,28,29,30,31,33
            
'09/04/2018 04:59:51 PM' - INFO - 
                    项目  名称： shop3.0
                    接口  名称： 商品类目规格规格项数据-修改
                    运行用例数： 27
                    通过用例数： 16
                    失败用例数： 11
                    测试通过率： 59.26%
                    失败用例集： 81,84,89,91,93,98,99,100,101,102,103
            
'09/04/2018 04:59:51 PM' - INFO - 
                    项目  名称： shop3.0
                    接口  名称： 商品类目规格规格项数据-列表
                    运行用例数： 3
                    通过用例数： 3
                    失败用例数： 0
                    测试通过率： 100.00%
                    失败用例集： None
            
'09/04/2018 04:59:51 PM' - INFO - 
                    项目  名称： shop3.0
                    接口  名称： 商品分类基础数据-删除
                    运行用例数： 6
                    通过用例数： 3
                    失败用例数： 3
                    测试通过率： 50.00%
                    失败用例集： 55,56,57
            
'09/04/2018 04:59:51 PM' - INFO - 
                    项目  名称： shop3.0
                    接口  名称： 商品类目规格规格项数据-删除
                    运行用例数： 6
                    通过用例数： 4
                    失败用例数： 2
                    测试通过率： 66.67%
                    失败用例集： 115,116
            
'09/04/2018 04:59:51 PM' - INFO - 
                    项目  名称： shop3.0
                    接口  名称： 商品类目规格规格项数据-添加
                    运行用例数： 10
                    通过用例数： 6
                    失败用例数： 4
                    测试通过率： 60.00%
                    失败用例集： 62,63,65,67
            
'09/04/2018 04:59:51 PM' - INFO - 测试结果数据统计完成....
'09/04/2018 04:59:51 PM' - INFO - 测试运行完成，开始恢复环境....
'09/04/2018 04:59:51 PM' - INFO - 恢复环境完成，程序退出....
