'09/04/2018 03:16:19 PM' - INFO - 待执行的测试用例数: 1
'09/04/2018 03:16:19 PM' - INFO - 待执行的测试用例名: http-apitest-demo
'09/04/2018 03:16:19 PM' - INFO - 测试开始时间:2018-09-04 15_16_19
'09/04/2018 03:16:19 PM' - INFO - 生成最新的工作文件夹: ant_report_2018-09-04_15-16-19
'09/04/2018 03:16:19 PM' - INFO - 初始化测试环境完成....
'09/04/2018 03:16:23 PM' - INFO - --------------------开始构建脚本:http-apitest-demo--------------------
'09/04/2018 03:16:36 PM' - INFO - --------------------构建脚本http-apitest-demo完成---------------------
'09/04/2018 03:17:45 PM' - INFO - 开始重构测试数据....
'09/04/2018 03:18:03 PM' - INFO - 重构测试数据完成....
'09/04/2018 03:18:03 PM' - INFO - 开始统计测试结果数据....
'09/04/2018 03:18:03 PM' - INFO - 
                    ---------------------------运行结果概要统计:----------------------------
                    测试开始时间： 2018-09-04 15_16_19
                    测试结束时间： 2018-09-04_15-18-03
                    测试用时 (s)： 103.77
                    测试项目名称： 发布会模块,用户模块
                    测试接口总数： 6
                    公共的用例数： 0
                    运行的用例数： 49
                    通过的用例数： 41
                    失败的用例数： 8
                    测试通过率 ： 83.67%
                    失败的用例集： fbhmk-tjfbh-1,fbhmk-fbhqd-1,fbhmk-fbhqd-8,fbhmk-cxfbh-8,fbhmk-cxfbh-10,fbhmk-cxfbh-9,yhmk-tjjb-1,fbhmk-fbhqd-7
            
'09/04/2018 03:18:03 PM' - INFO - ---------------------------运行接口详细统计:----------------------------
'09/04/2018 03:18:03 PM' - INFO - 
                    项目  名称： 发布会模块
                    接口  名称： 查询发布会
                    运行用例数： 10
                    通过用例数： 7
                    失败用例数： 3
                    测试通过率： 70.00%
                    失败用例集： fbhmk-cxfbh-8,fbhmk-cxfbh-9,fbhmk-cxfbh-10
            
'09/04/2018 03:18:03 PM' - INFO - 
                    项目  名称： 用户模块
                    接口  名称： 用户登录
                    运行用例数： 7
                    通过用例数： 7
                    失败用例数： 0
                    测试通过率： 100.00%
                    失败用例集： None
            
'09/04/2018 03:18:03 PM' - INFO - 
                    项目  名称： 用户模块
                    接口  名称： 查询嘉宾
                    运行用例数： 6
                    通过用例数： 6
                    失败用例数： 0
                    测试通过率： 100.00%
                    失败用例集： None
            
'09/04/2018 03:18:03 PM' - INFO - 
                    项目  名称： 用户模块
                    接口  名称： 添加嘉宾
                    运行用例数： 8
                    通过用例数： 7
                    失败用例数： 1
                    测试通过率： 87.50%
                    失败用例集： yhmk-tjjb-1
            
'09/04/2018 03:18:03 PM' - INFO - 
                    项目  名称： 发布会模块
                    接口  名称： 发布会签到
                    运行用例数： 9
                    通过用例数： 6
                    失败用例数： 3
                    测试通过率： 66.67%
                    失败用例集： fbhmk-fbhqd-1,fbhmk-fbhqd-7,fbhmk-fbhqd-8
            
'09/04/2018 03:18:03 PM' - INFO - 
                    项目  名称： 发布会模块
                    接口  名称： 添加发布会
                    运行用例数： 9
                    通过用例数： 8
                    失败用例数： 1
                    测试通过率： 88.89%
                    失败用例集： fbhmk-tjfbh-1
            
'09/04/2018 03:18:03 PM' - INFO - 测试结果数据统计完成....
'09/04/2018 03:18:03 PM' - INFO - 测试运行完成，开始恢复环境....
'09/04/2018 03:18:03 PM' - INFO - 恢复环境完成，程序退出....
