'09/04/2018 04:57:41 PM' - INFO - 待执行的测试用例数: 1
'09/04/2018 04:57:41 PM' - INFO - 待执行的测试用例名: shop3.0_1-10
'09/04/2018 04:57:41 PM' - INFO - 测试开始时间:2018-09-04 16_57_41
'09/04/2018 04:57:41 PM' - INFO - 生成最新的工作文件夹: ant_report_2018-09-04_16-57-41
'09/04/2018 04:57:41 PM' - INFO - 初始化测试环境完成....
'09/04/2018 04:57:41 PM' - INFO - ----------------------开始构建脚本:shop3.0_1-10-----------------------
'09/04/2018 04:57:48 PM' - INFO - -----------------------构建脚本shop3.0_1-10完成-----------------------
'09/04/2018 04:57:48 PM' - INFO - 开始重构测试数据....
'09/04/2018 04:57:48 PM' - INFO - 重构测试数据完成....
'09/04/2018 04:57:48 PM' - INFO - 开始统计测试结果数据....
'09/04/2018 04:57:48 PM' - INFO - 
                    ---------------------------运行结果概要统计:----------------------------
                    测试开始时间： 2018-09-04 16_57_41
                    测试结束时间： 2018-09-04_16-57-48
                    测试用时 (s)： 7.37
                    测试项目名称： shop3.0
                    测试接口总数： 12
                    公共的用例数： 0
                    运行的用例数： 116
                    通过的用例数： 17
                    失败的用例数： 99
                    测试通过率 ： 14.66%
                    失败的用例集： 65,67,113,95,110,48,55,28,90,117,37,99,12,83,4,112,75,101,116,53,18,10,102,76,7,26,19,106,120,109,29,33,50,52,3,84,114,104,91,6,42,20,82,66,92,25,100,22,98,96,56,119,2,74,5,13,85,11,31,1,81,77,79,16,24,40,71,86,73,39,87,89,30,62,72,97,23,61,94,105,103,27,32,93,54,60,70,63,51,36,21,118,35,64,80,88,44,17,111
            
'09/04/2018 04:57:48 PM' - INFO - ---------------------------运行接口详细统计:----------------------------
'09/04/2018 04:57:48 PM' - INFO - 
                    项目  名称： shop3.0
                    接口  名称： 商品类目规格规格项数据-修改
                    运行用例数： 27
                    通过用例数： 0
                    失败用例数： 27
                    测试通过率： 0.00%
                    失败用例集： 79,80,81,82,83,84,85,86,87,88,89,90,91,92,93,94,95,96,97,98,99,100,101,102,103,104,105
            
'09/04/2018 04:57:48 PM' - INFO - 
                    项目  名称： shop3.0
                    接口  名称： 商品分类基础数据-列表
                    运行用例数： 4
                    通过用例数： 3
                    失败用例数： 1
                    测试通过率： 75.00%
                    失败用例集： 44
            
'09/04/2018 04:57:48 PM' - INFO - 
                    项目  名称： shop3.0
                    接口  名称： 商品类目规格规格项数据-删除
                    运行用例数： 6
                    通过用例数： 1
                    失败用例数： 5
                    测试通过率： 16.67%
                    失败用例集： 116,117,118,119,120
            
'09/04/2018 04:57:48 PM' - INFO - 
                    项目  名称： shop3.0
                    接口  名称： 商品类目规格规格项数据-类目详细信息
                    运行用例数： 6
                    通过用例数： 0
                    失败用例数： 6
                    测试通过率： 0.00%
                    失败用例集： 109,110,111,112,113,114
            
'09/04/2018 04:57:48 PM' - INFO - 
                    项目  名称： shop3.0
                    接口  名称： 商品类目规格规格项数据-添加
                    运行用例数： 10
                    通过用例数： 2
                    失败用例数： 8
                    测试通过率： 20.00%
                    失败用例集： 60,61,62,63,64,65,66,67
            
'09/04/2018 04:57:48 PM' - INFO - 
                    项目  名称： shop3.0
                    接口  名称： 商品分类基础数据-添加
                    运行用例数： 14
                    通过用例数： 3
                    失败用例数： 11
                    测试通过率： 21.43%
                    失败用例集： 1,2,3,4,5,6,7,10,11,12,13
            
'09/04/2018 04:57:48 PM' - INFO - 
                    项目  名称： shop3.0
                    接口  名称： 商品类目规格规格项数据-添加单个规格项
                    运行用例数： 8
                    通过用例数： 0
                    失败用例数： 8
                    测试通过率： 0.00%
                    失败用例集： 70,71,72,73,74,75,76,77
            
'09/04/2018 04:57:48 PM' - INFO - 
                    项目  名称： shop3.0
                    接口  名称： 商品类目规格规格项数据-列表
                    运行用例数： 3
                    通过用例数： 2
                    失败用例数： 1
                    测试通过率： 66.67%
                    失败用例集： 106
            
'09/04/2018 04:57:48 PM' - INFO - 
                    项目  名称： shop3.0
                    接口  名称： 商品分类基础数据-删除
                    运行用例数： 6
                    通过用例数： 3
                    失败用例数： 3
                    测试通过率： 50.00%
                    失败用例集： 54,55,56
            
'09/04/2018 04:57:48 PM' - INFO - 
                    项目  名称： shop3.0
                    接口  名称： 商品基础分类-更改分类排序
                    运行用例数： 8
                    通过用例数： 2
                    失败用例数： 6
                    测试通过率： 25.00%
                    失败用例集： 35,36,37,39,40,42
            
'09/04/2018 04:57:48 PM' - INFO - 
                    项目  名称： shop3.0
                    接口  名称： 商品分类基础数据-修改
                    运行用例数： 18
                    通过用例数： 0
                    失败用例数： 18
                    测试通过率： 0.00%
                    失败用例集： 16,17,18,19,20,21,22,23,24,25,26,27,28,29,30,31,32,33
            
'09/04/2018 04:57:48 PM' - INFO - 
                    项目  名称： shop3.0
                    接口  名称： 商品分类基础数据-通过父分类查询子分类
                    运行用例数： 6
                    通过用例数： 1
                    失败用例数： 5
                    测试通过率： 16.67%
                    失败用例集： 48,50,51,52,53
            
'09/04/2018 04:57:48 PM' - INFO - 测试结果数据统计完成....
'09/04/2018 04:57:48 PM' - INFO - 测试运行完成，开始恢复环境....
'09/04/2018 04:57:48 PM' - INFO - 恢复环境完成，程序退出....
