'09/04/2018 04:38:43 PM' - INFO - 待执行的测试用例数: 1
'09/04/2018 04:38:43 PM' - INFO - 待执行的测试用例名: shop-test
'09/04/2018 04:38:43 PM' - INFO - 测试开始时间:2018-09-04 16_38_43
'09/04/2018 04:38:43 PM' - INFO - 生成最新的工作文件夹: ant_report_2018-09-04_16-38-43
'09/04/2018 04:38:43 PM' - INFO - 初始化测试环境完成....
'09/04/2018 04:38:43 PM' - INFO - ------------------------开始构建脚本:shop-test------------------------
'09/04/2018 04:38:49 PM' - INFO - ------------------------构建脚本shop-test完成-------------------------
'09/04/2018 04:38:49 PM' - INFO - 开始重构测试数据....
'09/04/2018 04:38:49 PM' - INFO - 重构测试数据完成....
'09/04/2018 04:38:49 PM' - INFO - 开始统计测试结果数据....
'09/04/2018 04:38:49 PM' - INFO - 
                    ---------------------------运行结果概要统计:----------------------------
                    测试开始时间： 2018-09-04 16_38_43
                    测试结束时间： 2018-09-04_16-38-49
                    测试用时 (s)： 5.98
                    测试项目名称： shop3.0
                    测试接口总数： 8
                    公共的用例数： 0
                    运行的用例数： 84
                    通过的用例数： 13
                    失败的用例数： 71
                    测试通过率 ： 15.48%
                    失败的用例集： 1,41,73,70,81,17,68,58,79,28,22,25,21,67,3,69,84,45,53,6,75,76,19,18,11,29,57,44,62,83,32,85,86,23,64,42,54,51,16,71,55,66,65,63,47,80,10,27,26,82,24,4,2,5,72,7,13,31,33,87,43,12,30,56,52,39,20,74,77,46,78
            
'09/04/2018 04:38:49 PM' - INFO - ---------------------------运行接口详细统计:----------------------------
'09/04/2018 04:38:49 PM' - INFO - 
                    项目  名称： shop3.0
                    接口  名称： 商品分类基础数据-列表
                    运行用例数： 4
                    通过用例数： 4
                    失败用例数： 0
                    测试通过率： 100.00%
                    失败用例集： None
            
'09/04/2018 04:38:49 PM' - INFO - 
                    项目  名称： shop3.0
                    接口  名称： 商品分类基础数据-添加
                    运行用例数： 14
                    通过用例数： 3
                    失败用例数： 11
                    测试通过率： 21.43%
                    失败用例集： 1,2,3,4,5,6,7,10,11,12,13
            
'09/04/2018 04:38:49 PM' - INFO - 
                    项目  名称： shop3.0
                    接口  名称： 商品分类基础数据-通过父分类查询子分类
                    运行用例数： 6
                    通过用例数： 1
                    失败用例数： 5
                    测试通过率： 16.67%
                    失败用例集： 39,41,42,43,44
            
'09/04/2018 04:38:49 PM' - INFO - 
                    项目  名称： shop3.0
                    接口  名称： 商品类目规格规格项数据-添加
                    运行用例数： 10
                    通过用例数： 2
                    失败用例数： 8
                    测试通过率： 20.00%
                    失败用例集： 51,52,53,54,55,56,57,58
            
'09/04/2018 04:38:49 PM' - INFO - 
                    项目  名称： shop3.0
                    接口  名称： 商品类目规格规格项数据-修改
                    运行用例数： 25
                    通过用例数： 0
                    失败用例数： 25
                    测试通过率： 0.00%
                    失败用例集： 62,63,64,65,66,67,68,69,70,71,72,73,74,75,76,77,78,79,80,81,82,83,84,85,86
            
'09/04/2018 04:38:49 PM' - INFO - 
                    项目  名称： shop3.0
                    接口  名称： 商品分类基础数据-删除
                    运行用例数： 6
                    通过用例数： 3
                    失败用例数： 3
                    测试通过率： 50.00%
                    失败用例集： 45,46,47
            
'09/04/2018 04:38:49 PM' - INFO - 
                    项目  名称： shop3.0
                    接口  名称： 商品类目规格规格项数据-列表
                    运行用例数： 1
                    通过用例数： 0
                    失败用例数： 1
                    测试通过率： 0.00%
                    失败用例集： 87
            
'09/04/2018 04:38:49 PM' - INFO - 
                    项目  名称： shop3.0
                    接口  名称： 商品分类基础数据-修改
                    运行用例数： 18
                    通过用例数： 0
                    失败用例数： 18
                    测试通过率： 0.00%
                    失败用例集： 16,17,18,19,20,21,22,23,24,25,26,27,28,29,30,31,32,33
            
'09/04/2018 04:38:49 PM' - INFO - 测试结果数据统计完成....
'09/04/2018 04:38:49 PM' - INFO - 测试运行完成，开始恢复环境....
'09/04/2018 04:38:49 PM' - INFO - 恢复环境完成，程序退出....
